[1126/152218.956:ERROR:process_reader_win.cc(123)] NtOpenThread: {액세스 거부} 프로세스가 개체에 액세스를 요구했지만 액세스 권한이 없습니다. (0xc0000022)
[1126/152218.957:ERROR:exception_snapshot_win.cc(88)] thread ID 17044 not found in process
[1126/152218.977:ERROR:process_reader_win.cc(123)] NtOpenThread: {액세스 거부} 프로세스가 개체에 액세스를 요구했지만 액세스 권한이 없습니다. (0xc0000022)
[1126/152218.978:ERROR:exception_snapshot_win.cc(88)] thread ID 20708 not found in process
[1126/153925.709:ERROR:process_reader_win.cc(123)] NtOpenThread: {액세스 거부} 프로세스가 개체에 액세스를 요구했지만 액세스 권한이 없습니다. (0xc0000022)
[1126/153925.710:ERROR:exception_snapshot_win.cc(88)] thread ID 10076 not found in process
[1126/154306.557:ERROR:process_reader_win.cc(123)] NtOpenThread: {액세스 거부} 프로세스가 개체에 액세스를 요구했지만 액세스 권한이 없습니다. (0xc0000022)
[1126/154306.558:ERROR:exception_snapshot_win.cc(88)] thread ID 17916 not found in process
[1126/154306.558:ERROR:process_reader_win.cc(123)] NtOpenThread: {액세스 거부} 프로세스가 개체에 액세스를 요구했지만 액세스 권한이 없습니다. (0xc0000022)
[1126/154306.558:ERROR:exception_snapshot_win.cc(88)] thread ID 22540 not found in process
[1126/210708.306:ERROR:process_reader_win.cc(123)] NtOpenThread: {액세스 거부} 프로세스가 개체에 액세스를 요구했지만 액세스 권한이 없습니다. (0xc0000022)
[1126/210708.307:ERROR:exception_snapshot_win.cc(88)] thread ID 22136 not found in process
[1126/210840.146:ERROR:process_reader_win.cc(123)] NtOpenThread: {액세스 거부} 프로세스가 개체에 액세스를 요구했지만 액세스 권한이 없습니다. (0xc0000022)
[1126/210840.146:ERROR:exception_snapshot_win.cc(88)] thread ID 29500 not found in process
[1126/211308.385:ERROR:process_reader_win.cc(123)] NtOpenThread: {액세스 거부} 프로세스가 개체에 액세스를 요구했지만 액세스 권한이 없습니다. (0xc0000022)
[1126/211308.386:ERROR:exception_snapshot_win.cc(88)] thread ID 14400 not found in process
[1126/211426.325:ERROR:process_reader_win.cc(123)] NtOpenThread: {액세스 거부} 프로세스가 개체에 액세스를 요구했지만 액세스 권한이 없습니다. (0xc0000022)
[1126/211426.326:ERROR:exception_snapshot_win.cc(88)] thread ID 21236 not found in process
[1201/203956.014:ERROR:process_reader_win.cc(123)] NtOpenThread: {액세스 거부} 프로세스가 개체에 액세스를 요구했지만 액세스 권한이 없습니다. (0xc0000022)
[1201/203956.017:ERROR:exception_snapshot_win.cc(88)] thread ID 15832 not found in process
[1201/211207.882:ERROR:process_reader_win.cc(123)] NtOpenThread: {액세스 거부} 프로세스가 개체에 액세스를 요구했지만 액세스 권한이 없습니다. (0xc0000022)
[1201/211207.883:ERROR:exception_snapshot_win.cc(88)] thread ID 14352 not found in process
[1201/211234.323:ERROR:process_reader_win.cc(123)] NtOpenThread: {액세스 거부} 프로세스가 개체에 액세스를 요구했지만 액세스 권한이 없습니다. (0xc0000022)
[1201/211234.324:ERROR:exception_snapshot_win.cc(88)] thread ID 11720 not found in process
[1201/211250.745:ERROR:process_reader_win.cc(123)] NtOpenThread: {액세스 거부} 프로세스가 개체에 액세스를 요구했지만 액세스 권한이 없습니다. (0xc0000022)
[1201/211250.746:ERROR:exception_snapshot_win.cc(88)] thread ID 8124 not found in process
[1201/222526.630:ERROR:process_reader_win.cc(123)] NtOpenThread: {액세스 거부} 프로세스가 개체에 액세스를 요구했지만 액세스 권한이 없습니다. (0xc0000022)
[1201/222526.631:ERROR:exception_snapshot_win.cc(88)] thread ID 23164 not found in process
[1201/222914.067:ERROR:process_reader_win.cc(123)] NtOpenThread: {액세스 거부} 프로세스가 개체에 액세스를 요구했지만 액세스 권한이 없습니다. (0xc0000022)
[1201/222914.068:ERROR:exception_snapshot_win.cc(88)] thread ID 17032 not found in process
[1202/130917.528:ERROR:process_reader_win.cc(123)] NtOpenThread: {액세스 거부} 프로세스가 개체에 액세스를 요구했지만 액세스 권한이 없습니다. (0xc0000022)
[1202/130917.529:ERROR:exception_snapshot_win.cc(88)] thread ID 11868 not found in process
[1202/132846.173:ERROR:process_reader_win.cc(123)] NtOpenThread: {액세스 거부} 프로세스가 개체에 액세스를 요구했지만 액세스 권한이 없습니다. (0xc0000022)
[1202/132846.174:ERROR:exception_snapshot_win.cc(88)] thread ID 1184 not found in process
[1202/132846.186:ERROR:process_reader_win.cc(123)] NtOpenThread: {액세스 거부} 프로세스가 개체에 액세스를 요구했지만 액세스 권한이 없습니다. (0xc0000022)
[1202/132846.186:ERROR:exception_snapshot_win.cc(88)] thread ID 19276 not found in process
[1202/132846.192:ERROR:process_reader_win.cc(123)] NtOpenThread: {액세스 거부} 프로세스가 개체에 액세스를 요구했지만 액세스 권한이 없습니다. (0xc0000022)
[1202/132846.193:ERROR:exception_snapshot_win.cc(88)] thread ID 7856 not found in process
[1202/132846.205:ERROR:process_reader_win.cc(123)] NtOpenThread: {액세스 거부} 프로세스가 개체에 액세스를 요구했지만 액세스 권한이 없습니다. (0xc0000022)
[1202/132846.206:ERROR:exception_snapshot_win.cc(88)] thread ID 13172 not found in process
[1202/133105.424:ERROR:process_reader_win.cc(123)] NtOpenThread: {액세스 거부} 프로세스가 개체에 액세스를 요구했지만 액세스 권한이 없습니다. (0xc0000022)
[1202/133105.425:ERROR:exception_snapshot_win.cc(88)] thread ID 24204 not found in process
[1202/133105.424:ERROR:process_reader_win.cc(123)] NtOpenThread: {액세스 거부} 프로세스가 개체에 액세스를 요구했지만 액세스 권한이 없습니다. (0xc0000022)
[1202/133105.425:ERROR:exception_snapshot_win.cc(88)] thread ID 10532 not found in process
[1202/141225.750:ERROR:process_reader_win.cc(123)] NtOpenThread: {액세스 거부} 프로세스가 개체에 액세스를 요구했지만 액세스 권한이 없습니다. (0xc0000022)
[1202/141225.751:ERROR:exception_snapshot_win.cc(88)] thread ID 30284 not found in process
[1202/141225.750:ERROR:process_reader_win.cc(123)] NtOpenThread: {액세스 거부} 프로세스가 개체에 액세스를 요구했지만 액세스 권한이 없습니다. (0xc0000022)
[1202/141225.751:ERROR:exception_snapshot_win.cc(88)] thread ID 33212 not found in process
[1202/141225.752:ERROR:process_reader_win.cc(123)] NtOpenThread: {액세스 거부} 프로세스가 개체에 액세스를 요구했지만 액세스 권한이 없습니다. (0xc0000022)
[1202/141225.753:ERROR:exception_snapshot_win.cc(88)] thread ID 33204 not found in process
[1202/150102.734:ERROR:process_reader_win.cc(123)] NtOpenThread: {액세스 거부} 프로세스가 개체에 액세스를 요구했지만 액세스 권한이 없습니다. (0xc0000022)
[1202/150102.735:ERROR:exception_snapshot_win.cc(88)] thread ID 31896 not found in process
[1205/151029.159:ERROR:process_reader_win.cc(123)] NtOpenThread: {액세스 거부} 프로세스가 개체에 액세스를 요구했지만 액세스 권한이 없습니다. (0xc0000022)
[1205/151029.160:ERROR:exception_snapshot_win.cc(88)] thread ID 2512 not found in process
[1205/151305.083:ERROR:process_reader_win.cc(123)] NtOpenThread: {액세스 거부} 프로세스가 개체에 액세스를 요구했지만 액세스 권한이 없습니다. (0xc0000022)
[1205/151305.084:ERROR:exception_snapshot_win.cc(88)] thread ID 14964 not found in process
[1205/151305.108:ERROR:process_reader_win.cc(123)] NtOpenThread: {액세스 거부} 프로세스가 개체에 액세스를 요구했지만 액세스 권한이 없습니다. (0xc0000022)
[1205/151305.109:ERROR:exception_snapshot_win.cc(88)] thread ID 19940 not found in process
[1205/151547.961:ERROR:process_reader_win.cc(123)] NtOpenThread: {액세스 거부} 프로세스가 개체에 액세스를 요구했지만 액세스 권한이 없습니다. (0xc0000022)
[1205/151547.961:ERROR:exception_snapshot_win.cc(88)] thread ID 23268 not found in process
[1205/153842.564:ERROR:process_reader_win.cc(123)] NtOpenThread: {액세스 거부} 프로세스가 개체에 액세스를 요구했지만 액세스 권한이 없습니다. (0xc0000022)
[1205/153842.565:ERROR:exception_snapshot_win.cc(88)] thread ID 16308 not found in process
[1205/154252.766:ERROR:process_reader_win.cc(123)] NtOpenThread: {액세스 거부} 프로세스가 개체에 액세스를 요구했지만 액세스 권한이 없습니다. (0xc0000022)
[1205/154252.767:ERROR:exception_snapshot_win.cc(88)] thread ID 17620 not found in process
[1205/203347.277:ERROR:process_reader_win.cc(123)] NtOpenThread: {액세스 거부} 프로세스가 개체에 액세스를 요구했지만 액세스 권한이 없습니다. (0xc0000022)
[1205/203347.279:ERROR:exception_snapshot_win.cc(88)] thread ID 18060 not found in process
[1205/225942.826:ERROR:process_reader_win.cc(123)] NtOpenThread: {액세스 거부} 프로세스가 개체에 액세스를 요구했지만 액세스 권한이 없습니다. (0xc0000022)
[1205/225942.827:ERROR:process_reader_win.cc(123)] NtOpenThread: {액세스 거부} 프로세스가 개체에 액세스를 요구했지만 액세스 권한이 없습니다. (0xc0000022)
[1205/225942.828:ERROR:exception_snapshot_win.cc(88)] thread ID 13072 not found in process
[1205/225942.828:ERROR:exception_snapshot_win.cc(88)] thread ID 4468 not found in process
[1205/225942.857:ERROR:process_reader_win.cc(123)] NtOpenThread: {액세스 거부} 프로세스가 개체에 액세스를 요구했지만 액세스 권한이 없습니다. (0xc0000022)
[1205/225942.858:ERROR:exception_snapshot_win.cc(88)] thread ID 10832 not found in process
[1206/153822.437:ERROR:process_reader_win.cc(123)] NtOpenThread: {액세스 거부} 프로세스가 개체에 액세스를 요구했지만 액세스 권한이 없습니다. (0xc0000022)
[1206/153822.438:ERROR:exception_snapshot_win.cc(88)] thread ID 14860 not found in process
[1206/153902.124:ERROR:process_reader_win.cc(123)] NtOpenThread: {액세스 거부} 프로세스가 개체에 액세스를 요구했지만 액세스 권한이 없습니다. (0xc0000022)
[1206/153902.124:ERROR:exception_snapshot_win.cc(88)] thread ID 3276 not found in process
[1206/154035.686:ERROR:process_reader_win.cc(123)] NtOpenThread: {액세스 거부} 프로세스가 개체에 액세스를 요구했지만 액세스 권한이 없습니다. (0xc0000022)
[1206/154035.687:ERROR:exception_snapshot_win.cc(88)] thread ID 3716 not found in process
[1206/154103.094:ERROR:process_reader_win.cc(123)] NtOpenThread: {액세스 거부} 프로세스가 개체에 액세스를 요구했지만 액세스 권한이 없습니다. (0xc0000022)
[1206/154103.094:ERROR:exception_snapshot_win.cc(88)] thread ID 16120 not found in process
[1206/154129.126:ERROR:process_reader_win.cc(123)] NtOpenThread: {액세스 거부} 프로세스가 개체에 액세스를 요구했지만 액세스 권한이 없습니다. (0xc0000022)
[1206/154129.126:ERROR:exception_snapshot_win.cc(88)] thread ID 20532 not found in process
[1206/154441.685:ERROR:process_reader_win.cc(123)] NtOpenThread: {액세스 거부} 프로세스가 개체에 액세스를 요구했지만 액세스 권한이 없습니다. (0xc0000022)
[1206/154441.686:ERROR:exception_snapshot_win.cc(88)] thread ID 15828 not found in process
[1206/155430.570:ERROR:process_reader_win.cc(123)] NtOpenThread: {액세스 거부} 프로세스가 개체에 액세스를 요구했지만 액세스 권한이 없습니다. (0xc0000022)
[1206/155430.571:ERROR:exception_snapshot_win.cc(88)] thread ID 20256 not found in process
[1206/155721.840:ERROR:process_reader_win.cc(123)] NtOpenThread: {액세스 거부} 프로세스가 개체에 액세스를 요구했지만 액세스 권한이 없습니다. (0xc0000022)
[1206/155721.842:ERROR:exception_snapshot_win.cc(88)] thread ID 16920 not found in process
[1206/155858.471:ERROR:process_reader_win.cc(123)] NtOpenThread: {액세스 거부} 프로세스가 개체에 액세스를 요구했지만 액세스 권한이 없습니다. (0xc0000022)
[1206/155858.472:ERROR:exception_snapshot_win.cc(88)] thread ID 18836 not found in process
[1206/165405.896:ERROR:process_reader_win.cc(123)] NtOpenThread: {액세스 거부} 프로세스가 개체에 액세스를 요구했지만 액세스 권한이 없습니다. (0xc0000022)
[1206/165405.896:ERROR:exception_snapshot_win.cc(88)] thread ID 11684 not found in process
[1206/165529.738:ERROR:process_reader_win.cc(123)] NtOpenThread: {액세스 거부} 프로세스가 개체에 액세스를 요구했지만 액세스 권한이 없습니다. (0xc0000022)
[1206/165529.739:ERROR:exception_snapshot_win.cc(88)] thread ID 7120 not found in process
[1206/165609.328:ERROR:process_reader_win.cc(123)] NtOpenThread: {액세스 거부} 프로세스가 개체에 액세스를 요구했지만 액세스 권한이 없습니다. (0xc0000022)
[1206/165609.329:ERROR:exception_snapshot_win.cc(88)] thread ID 7708 not found in process
[1206/165920.175:ERROR:process_reader_win.cc(123)] NtOpenThread: {액세스 거부} 프로세스가 개체에 액세스를 요구했지만 액세스 권한이 없습니다. (0xc0000022)
[1206/165920.176:ERROR:exception_snapshot_win.cc(88)] thread ID 7388 not found in process
[1206/170546.402:ERROR:process_reader_win.cc(123)] NtOpenThread: {액세스 거부} 프로세스가 개체에 액세스를 요구했지만 액세스 권한이 없습니다. (0xc0000022)
[1206/170546.402:ERROR:exception_snapshot_win.cc(88)] thread ID 19168 not found in process
[1206/170546.426:ERROR:process_reader_win.cc(123)] NtOpenThread: {액세스 거부} 프로세스가 개체에 액세스를 요구했지만 액세스 권한이 없습니다. (0xc0000022)
[1206/170546.427:ERROR:exception_snapshot_win.cc(88)] thread ID 10016 not found in process
[1206/170608.466:ERROR:process_reader_win.cc(123)] NtOpenThread: {액세스 거부} 프로세스가 개체에 액세스를 요구했지만 액세스 권한이 없습니다. (0xc0000022)
[1206/170608.467:ERROR:exception_snapshot_win.cc(88)] thread ID 15644 not found in process
[1215/144835.173:ERROR:process_reader_win.cc(123)] NtOpenThread: {액세스 거부} 프로세스가 개체에 액세스를 요구했지만 액세스 권한이 없습니다. (0xc0000022)
[1215/144835.174:ERROR:exception_snapshot_win.cc(88)] thread ID 21500 not found in process
[1215/144835.178:ERROR:process_reader_win.cc(123)] NtOpenThread: {액세스 거부} 프로세스가 개체에 액세스를 요구했지만 액세스 권한이 없습니다. (0xc0000022)
[1215/144835.179:ERROR:exception_snapshot_win.cc(88)] thread ID 11576 not found in process
[1215/150135.312:ERROR:process_reader_win.cc(123)] NtOpenThread: {액세스 거부} 프로세스가 개체에 액세스를 요구했지만 액세스 권한이 없습니다. (0xc0000022)
[1215/150135.313:ERROR:exception_snapshot_win.cc(88)] thread ID 24412 not found in process
[1215/150903.646:ERROR:process_reader_win.cc(123)] NtOpenThread: {액세스 거부} 프로세스가 개체에 액세스를 요구했지만 액세스 권한이 없습니다. (0xc0000022)
[1215/150903.646:ERROR:exception_snapshot_win.cc(88)] thread ID 30240 not found in process
[1215/150903.659:ERROR:process_reader_win.cc(123)] NtOpenThread: {액세스 거부} 프로세스가 개체에 액세스를 요구했지만 액세스 권한이 없습니다. (0xc0000022)
[1215/150903.660:ERROR:exception_snapshot_win.cc(88)] thread ID 2936 not found in process
[1215/151129.387:ERROR:process_reader_win.cc(123)] NtOpenThread: {액세스 거부} 프로세스가 개체에 액세스를 요구했지만 액세스 권한이 없습니다. (0xc0000022)
[1215/151129.388:ERROR:exception_snapshot_win.cc(88)] thread ID 12220 not found in process
[1215/151129.387:ERROR:process_reader_win.cc(123)] NtOpenThread: {액세스 거부} 프로세스가 개체에 액세스를 요구했지만 액세스 권한이 없습니다. (0xc0000022)
[1215/151129.388:ERROR:exception_snapshot_win.cc(88)] thread ID 21044 not found in process
[1215/151242.231:ERROR:process_reader_win.cc(123)] NtOpenThread: {액세스 거부} 프로세스가 개체에 액세스를 요구했지만 액세스 권한이 없습니다. (0xc0000022)
[1215/151242.231:ERROR:exception_snapshot_win.cc(88)] thread ID 26300 not found in process
[1215/151528.418:ERROR:process_reader_win.cc(123)] NtOpenThread: {액세스 거부} 프로세스가 개체에 액세스를 요구했지만 액세스 권한이 없습니다. (0xc0000022)
[1215/151528.419:ERROR:exception_snapshot_win.cc(88)] thread ID 19496 not found in process
[1215/151611.000:ERROR:process_reader_win.cc(123)] NtOpenThread: {액세스 거부} 프로세스가 개체에 액세스를 요구했지만 액세스 권한이 없습니다. (0xc0000022)
[1215/151611.001:ERROR:exception_snapshot_win.cc(88)] thread ID 5772 not found in process
[1215/151720.710:ERROR:process_reader_win.cc(123)] NtOpenThread: {액세스 거부} 프로세스가 개체에 액세스를 요구했지만 액세스 권한이 없습니다. (0xc0000022)
[1215/151720.711:ERROR:exception_snapshot_win.cc(88)] thread ID 3320 not found in process
[1215/151821.320:ERROR:process_reader_win.cc(123)] NtOpenThread: {액세스 거부} 프로세스가 개체에 액세스를 요구했지만 액세스 권한이 없습니다. (0xc0000022)
[1215/151821.321:ERROR:exception_snapshot_win.cc(88)] thread ID 34540 not found in process
[1215/152752.183:ERROR:process_reader_win.cc(123)] NtOpenThread: {액세스 거부} 프로세스가 개체에 액세스를 요구했지만 액세스 권한이 없습니다. (0xc0000022)
[1215/152752.184:ERROR:exception_snapshot_win.cc(88)] thread ID 27164 not found in process
[1215/153034.249:ERROR:process_reader_win.cc(123)] NtOpenThread: {액세스 거부} 프로세스가 개체에 액세스를 요구했지만 액세스 권한이 없습니다. (0xc0000022)
[1215/153034.249:ERROR:exception_snapshot_win.cc(88)] thread ID 10888 not found in process
[1215/153126.655:ERROR:process_reader_win.cc(123)] NtOpenThread: {액세스 거부} 프로세스가 개체에 액세스를 요구했지만 액세스 권한이 없습니다. (0xc0000022)
[1215/153126.655:ERROR:exception_snapshot_win.cc(88)] thread ID 19944 not found in process
[1215/153811.291:ERROR:process_reader_win.cc(123)] NtOpenThread: {액세스 거부} 프로세스가 개체에 액세스를 요구했지만 액세스 권한이 없습니다. (0xc0000022)
[1215/153811.292:ERROR:exception_snapshot_win.cc(88)] thread ID 5676 not found in process
[1215/154437.301:ERROR:process_reader_win.cc(123)] NtOpenThread: {액세스 거부} 프로세스가 개체에 액세스를 요구했지만 액세스 권한이 없습니다. (0xc0000022)
[1215/154437.301:ERROR:exception_snapshot_win.cc(88)] thread ID 28012 not found in process
[1215/160509.049:ERROR:process_reader_win.cc(123)] NtOpenThread: {액세스 거부} 프로세스가 개체에 액세스를 요구했지만 액세스 권한이 없습니다. (0xc0000022)
[1215/160509.050:ERROR:exception_snapshot_win.cc(88)] thread ID 11424 not found in process
[1215/165235.870:ERROR:process_reader_win.cc(123)] NtOpenThread: {액세스 거부} 프로세스가 개체에 액세스를 요구했지만 액세스 권한이 없습니다. (0xc0000022)
[1215/165235.871:ERROR:exception_snapshot_win.cc(88)] thread ID 28736 not found in process
[1215/165235.872:ERROR:process_reader_win.cc(123)] NtOpenThread: {액세스 거부} 프로세스가 개체에 액세스를 요구했지만 액세스 권한이 없습니다. (0xc0000022)
[1215/165235.872:ERROR:exception_snapshot_win.cc(88)] thread ID 9356 not found in process
[1215/170145.466:ERROR:process_reader_win.cc(123)] NtOpenThread: {액세스 거부} 프로세스가 개체에 액세스를 요구했지만 액세스 권한이 없습니다. (0xc0000022)
[1215/170145.467:ERROR:exception_snapshot_win.cc(88)] thread ID 10784 not found in process
[1215/173746.535:ERROR:process_reader_win.cc(123)] NtOpenThread: {액세스 거부} 프로세스가 개체에 액세스를 요구했지만 액세스 권한이 없습니다. (0xc0000022)
[1215/173746.536:ERROR:exception_snapshot_win.cc(88)] thread ID 27716 not found in process
[1215/173746.537:ERROR:process_reader_win.cc(123)] NtOpenThread: {액세스 거부} 프로세스가 개체에 액세스를 요구했지만 액세스 권한이 없습니다. (0xc0000022)
[1215/173746.538:ERROR:exception_snapshot_win.cc(88)] thread ID 34544 not found in process
[1215/173746.557:ERROR:process_reader_win.cc(123)] NtOpenThread: {액세스 거부} 프로세스가 개체에 액세스를 요구했지만 액세스 권한이 없습니다. (0xc0000022)
[1215/173746.559:ERROR:exception_snapshot_win.cc(88)] thread ID 14768 not found in process
[1215/211116.174:ERROR:process_reader_win.cc(123)] NtOpenThread: {액세스 거부} 프로세스가 개체에 액세스를 요구했지만 액세스 권한이 없습니다. (0xc0000022)
[1215/211116.175:ERROR:exception_snapshot_win.cc(88)] thread ID 30240 not found in process
[1215/211116.189:ERROR:process_reader_win.cc(123)] NtOpenThread: {액세스 거부} 프로세스가 개체에 액세스를 요구했지만 액세스 권한이 없습니다. (0xc0000022)
[1215/211116.190:ERROR:exception_snapshot_win.cc(88)] thread ID 24832 not found in process
[1216/195445.718:ERROR:process_reader_win.cc(123)] NtOpenThread: {액세스 거부} 프로세스가 개체에 액세스를 요구했지만 액세스 권한이 없습니다. (0xc0000022)
[1216/195445.719:ERROR:exception_snapshot_win.cc(88)] thread ID 21552 not found in process
[1216/195445.976:ERROR:process_reader_win.cc(123)] NtOpenThread: {액세스 거부} 프로세스가 개체에 액세스를 요구했지만 액세스 권한이 없습니다. (0xc0000022)
[1216/195445.977:ERROR:exception_snapshot_win.cc(88)] thread ID 31620 not found in process
[1216/195446.121:ERROR:process_reader_win.cc(123)] NtOpenThread: {액세스 거부} 프로세스가 개체에 액세스를 요구했지만 액세스 권한이 없습니다. (0xc0000022)
[1216/195446.122:ERROR:exception_snapshot_win.cc(88)] thread ID 18388 not found in process
[1216/195446.262:ERROR:process_reader_win.cc(123)] NtOpenThread: {액세스 거부} 프로세스가 개체에 액세스를 요구했지만 액세스 권한이 없습니다. (0xc0000022)
[1216/195446.263:ERROR:exception_snapshot_win.cc(88)] thread ID 33804 not found in process
[1217/005743.588:ERROR:process_reader_win.cc(123)] NtOpenThread: {액세스 거부} 프로세스가 개체에 액세스를 요구했지만 액세스 권한이 없습니다. (0xc0000022)
[1217/005743.588:ERROR:exception_snapshot_win.cc(88)] thread ID 19128 not found in process
[1217/200718.836:ERROR:process_reader_win.cc(123)] NtOpenThread: {액세스 거부} 프로세스가 개체에 액세스를 요구했지만 액세스 권한이 없습니다. (0xc0000022)
[1217/200718.837:ERROR:exception_snapshot_win.cc(88)] thread ID 13732 not found in process
[1217/200718.838:ERROR:process_reader_win.cc(123)] NtOpenThread: {액세스 거부} 프로세스가 개체에 액세스를 요구했지만 액세스 권한이 없습니다. (0xc0000022)
[1217/200718.839:ERROR:exception_snapshot_win.cc(88)] thread ID 16276 not found in process
[1217/200718.865:ERROR:process_reader_win.cc(123)] NtOpenThread: {액세스 거부} 프로세스가 개체에 액세스를 요구했지만 액세스 권한이 없습니다. (0xc0000022)
[1217/200718.866:ERROR:exception_snapshot_win.cc(88)] thread ID 13076 not found in process
[1217/200718.870:ERROR:process_reader_win.cc(123)] NtOpenThread: {액세스 거부} 프로세스가 개체에 액세스를 요구했지만 액세스 권한이 없습니다. (0xc0000022)
[1217/200718.871:ERROR:exception_snapshot_win.cc(88)] thread ID 23888 not found in process
[1217/200718.872:ERROR:process_reader_win.cc(123)] NtOpenThread: {액세스 거부} 프로세스가 개체에 액세스를 요구했지만 액세스 권한이 없습니다. (0xc0000022)
[1217/200718.872:ERROR:exception_snapshot_win.cc(88)] thread ID 10124 not found in process
[1218/000927.853:ERROR:process_reader_win.cc(123)] NtOpenThread: {액세스 거부} 프로세스가 개체에 액세스를 요구했지만 액세스 권한이 없습니다. (0xc0000022)
[1218/000927.854:ERROR:exception_snapshot_win.cc(88)] thread ID 19088 not found in process
[1218/192459.972:ERROR:process_reader_win.cc(123)] NtOpenThread: {액세스 거부} 프로세스가 개체에 액세스를 요구했지만 액세스 권한이 없습니다. (0xc0000022)
[1218/192459.972:ERROR:exception_snapshot_win.cc(88)] thread ID 19320 not found in process
[1218/192459.974:ERROR:process_reader_win.cc(123)] NtOpenThread: {액세스 거부} 프로세스가 개체에 액세스를 요구했지만 액세스 권한이 없습니다. (0xc0000022)
[1218/192459.975:ERROR:exception_snapshot_win.cc(88)] thread ID 18608 not found in process
[1218/192500.005:ERROR:process_reader_win.cc(123)] NtOpenThread: {액세스 거부} 프로세스가 개체에 액세스를 요구했지만 액세스 권한이 없습니다. (0xc0000022)
[1218/192500.006:ERROR:exception_snapshot_win.cc(88)] thread ID 14820 not found in process
[1218/192500.007:ERROR:process_reader_win.cc(123)] NtOpenThread: {액세스 거부} 프로세스가 개체에 액세스를 요구했지만 액세스 권한이 없습니다. (0xc0000022)
[1218/192500.008:ERROR:exception_snapshot_win.cc(88)] thread ID 14940 not found in process
[1218/192500.015:ERROR:process_reader_win.cc(123)] NtOpenThread: {액세스 거부} 프로세스가 개체에 액세스를 요구했지만 액세스 권한이 없습니다. (0xc0000022)
[1218/192500.016:ERROR:exception_snapshot_win.cc(88)] thread ID 15168 not found in process
[1218/195427.789:ERROR:process_reader_win.cc(123)] NtOpenThread: {액세스 거부} 프로세스가 개체에 액세스를 요구했지만 액세스 권한이 없습니다. (0xc0000022)
[1218/195427.791:ERROR:exception_snapshot_win.cc(88)] thread ID 10548 not found in process
[1218/195658.045:ERROR:process_reader_win.cc(123)] NtOpenThread: {액세스 거부} 프로세스가 개체에 액세스를 요구했지만 액세스 권한이 없습니다. (0xc0000022)
[1218/195658.046:ERROR:exception_snapshot_win.cc(88)] thread ID 28720 not found in process
[1218/200154.596:ERROR:process_reader_win.cc(123)] NtOpenThread: {액세스 거부} 프로세스가 개체에 액세스를 요구했지만 액세스 권한이 없습니다. (0xc0000022)
[1218/200154.599:ERROR:exception_snapshot_win.cc(88)] thread ID 9676 not found in process
[1218/200208.297:ERROR:process_reader_win.cc(123)] NtOpenThread: {액세스 거부} 프로세스가 개체에 액세스를 요구했지만 액세스 권한이 없습니다. (0xc0000022)
[1218/200208.298:ERROR:exception_snapshot_win.cc(88)] thread ID 12696 not found in process
[1218/200208.342:ERROR:process_reader_win.cc(123)] NtOpenThread: {액세스 거부} 프로세스가 개체에 액세스를 요구했지만 액세스 권한이 없습니다. (0xc0000022)
[1218/200208.343:ERROR:exception_snapshot_win.cc(88)] thread ID 7908 not found in process
[1218/200208.342:ERROR:process_reader_win.cc(123)] NtOpenThread: {액세스 거부} 프로세스가 개체에 액세스를 요구했지만 액세스 권한이 없습니다. (0xc0000022)
[1218/200208.343:ERROR:exception_snapshot_win.cc(88)] thread ID 17256 not found in process
[1218/200208.345:ERROR:process_reader_win.cc(123)] NtOpenThread: {액세스 거부} 프로세스가 개체에 액세스를 요구했지만 액세스 권한이 없습니다. (0xc0000022)
[1218/200208.347:ERROR:exception_snapshot_win.cc(88)] thread ID 34580 not found in process
[1218/200208.358:ERROR:process_reader_win.cc(123)] NtOpenThread: {액세스 거부} 프로세스가 개체에 액세스를 요구했지만 액세스 권한이 없습니다. (0xc0000022)
[1218/200208.359:ERROR:exception_snapshot_win.cc(88)] thread ID 35272 not found in process
[1218/200613.384:ERROR:process_reader_win.cc(123)] NtOpenThread: {액세스 거부} 프로세스가 개체에 액세스를 요구했지만 액세스 권한이 없습니다. (0xc0000022)
[1218/200613.386:ERROR:exception_snapshot_win.cc(88)] thread ID 32176 not found in process
[1218/200613.401:ERROR:process_reader_win.cc(123)] NtOpenThread: {액세스 거부} 프로세스가 개체에 액세스를 요구했지만 액세스 권한이 없습니다. (0xc0000022)
[1218/200613.402:ERROR:exception_snapshot_win.cc(88)] thread ID 14800 not found in process
[1218/200613.411:ERROR:process_reader_win.cc(123)] NtOpenThread: {액세스 거부} 프로세스가 개체에 액세스를 요구했지만 액세스 권한이 없습니다. (0xc0000022)
[1218/200613.412:ERROR:exception_snapshot_win.cc(88)] thread ID 19920 not found in process
[1218/200613.415:ERROR:process_reader_win.cc(123)] NtOpenThread: {액세스 거부} 프로세스가 개체에 액세스를 요구했지만 액세스 권한이 없습니다. (0xc0000022)
[1218/200613.416:ERROR:exception_snapshot_win.cc(88)] thread ID 27384 not found in process
[1218/200613.433:ERROR:process_reader_win.cc(123)] NtOpenThread: {액세스 거부} 프로세스가 개체에 액세스를 요구했지만 액세스 권한이 없습니다. (0xc0000022)
[1218/200613.434:ERROR:exception_snapshot_win.cc(88)] thread ID 21988 not found in process
[1218/202548.567:ERROR:process_reader_win.cc(123)] NtOpenThread: {액세스 거부} 프로세스가 개체에 액세스를 요구했지만 액세스 권한이 없습니다. (0xc0000022)
[1218/202548.569:ERROR:exception_snapshot_win.cc(88)] thread ID 1104 not found in process
[1218/203156.346:ERROR:process_reader_win.cc(123)] NtOpenThread: {액세스 거부} 프로세스가 개체에 액세스를 요구했지만 액세스 권한이 없습니다. (0xc0000022)
[1218/203156.346:ERROR:exception_snapshot_win.cc(88)] thread ID 33080 not found in process
[1218/203156.362:ERROR:process_reader_win.cc(123)] NtOpenThread: {액세스 거부} 프로세스가 개체에 액세스를 요구했지만 액세스 권한이 없습니다. (0xc0000022)
[1218/203156.362:ERROR:exception_snapshot_win.cc(88)] thread ID 7820 not found in process
[1218/203235.221:ERROR:process_reader_win.cc(123)] NtOpenThread: {액세스 거부} 프로세스가 개체에 액세스를 요구했지만 액세스 권한이 없습니다. (0xc0000022)
[1218/203235.221:ERROR:exception_snapshot_win.cc(88)] thread ID 22728 not found in process
[1218/203554.874:ERROR:process_reader_win.cc(123)] NtOpenThread: {액세스 거부} 프로세스가 개체에 액세스를 요구했지만 액세스 권한이 없습니다. (0xc0000022)
[1218/203554.875:ERROR:exception_snapshot_win.cc(88)] thread ID 3876 not found in process
[1218/203650.860:ERROR:process_reader_win.cc(123)] NtOpenThread: {액세스 거부} 프로세스가 개체에 액세스를 요구했지만 액세스 권한이 없습니다. (0xc0000022)
[1218/203650.861:ERROR:exception_snapshot_win.cc(88)] thread ID 21432 not found in process
<<<<<<< HEAD
[1218/204603.667:ERROR:process_reader_win.cc(123)] NtOpenThread: {액세스 거부} 프로세스가 개체에 액세스를 요구했지만 액세스 권한이 없습니다. (0xc0000022)
[1218/204603.668:ERROR:exception_snapshot_win.cc(88)] thread ID 144 not found in process
=======
>>>>>>> hsw
